<?xml version="1.0" encoding="UTF-8"?>
<!-- Generated by org.testng.reporters.JUnitXMLReporter -->
<testsuite hostname="Home-PC" ignored="1" name="Command line test" tests="4" failures="1" timestamp="05 Oct 2019 06:16:51 GMT" time="30.402" errors="0">
  <testcase name="@AfterMethod afterMethod" time="0.0" classname="com.seleniumFramework.testBase.TestBase">
    <failure type="java.lang.NullPointerException">
      <![CDATA[java.lang.NullPointerException
	at com.seleniumFramework.testBase.TestBase.getScreenShot(TestBase.java:125)
	at com.seleniumFramework.testBase.TestBase.getresult(TestBase.java:159)
	at com.seleniumFramework.testBase.TestBase.afterMethod(TestBase.java:168)
... Removed 37 stack frames]]>
    </failure>
  </testcase> <!-- @AfterMethod afterMethod -->
  <testcase name="testLogin" time="0.001" classname="com.seleniumFramework.homepage.TestDataDrivenScript"/>
  <testcase name="testLogin" time="0.0" classname="com.seleniumFramework.homepage.TestDataDrivenScript"/>
  <testcase name="testLogin" time="0.001" classname="com.seleniumFramework.homepage.TestDataDrivenScript"/>
  <testcase name="testLoginToApplication" time="0.001" classname="com.seleniumFramework.loginPage.LoginTest">
    <failure type="java.lang.NullPointerException">
      <![CDATA[java.lang.NullPointerException
	at com.seleniumFramework.loginPage.LoginTest.testLoginToApplication(LoginTest.java:22)
... Removed 35 stack frames]]>
    </failure>
  </testcase> <!-- testLoginToApplication -->
  <testcase name="@BeforeTest launchBrowser" time="0.0" classname="com.seleniumFramework.testBase.TestBase">
    <ignored/>
  </testcase> <!-- @BeforeTest launchBrowser -->
</testsuite> <!-- Command line test -->
