<?xml version="1.0" encoding="UTF-8"?>
<testng-results skipped="0" failed="0" ignored="0" total="1" passed="1">
  <reporter-output>
  </reporter-output>
  <suite name="Suite" duration-ms="55333" started-at="2019-10-07T02:49:01Z" finished-at="2019-10-07T02:49:56Z">
    <groups>
    </groups>
    <test name="Test" duration-ms="55333" started-at="2019-10-07T02:49:01Z" finished-at="2019-10-07T02:49:56Z">
      <class name="com.seleniumFramework.loginPage.LoginTest">
        <test-method status="PASS" signature="launchBrowser()[pri:0, instance:com.seleniumFramework.loginPage.LoginTest@76a4d6c]" name="launchBrowser" is-config="true" duration-ms="34018" started-at="2019-10-07T13:49:01Z" finished-at="2019-10-07T13:49:35Z">
          <reporter-output>
          </reporter-output>
        </test-method> <!-- launchBrowser -->
        <test-method status="PASS" signature="beforeMethod(java.lang.reflect.Method)[pri:0, instance:com.seleniumFramework.loginPage.LoginTest@76a4d6c]" name="beforeMethod" is-config="true" duration-ms="20" started-at="2019-10-07T13:49:35Z" finished-at="2019-10-07T13:49:35Z">
          <params>
            <param index="0">
              <value>
                <![CDATA[public void com.seleniumFramework.loginPage.LoginTest.testLoginToApplication()]]>
              </value>
            </param>
          </params>
          <reporter-output>
          </reporter-output>
        </test-method> <!-- beforeMethod -->
        <test-method status="PASS" signature="testLoginToApplication()[pri:0, instance:com.seleniumFramework.loginPage.LoginTest@76a4d6c]" name="testLoginToApplication" duration-ms="19332" started-at="2019-10-07T13:49:35Z" finished-at="2019-10-07T13:49:54Z">
          <reporter-output>
          </reporter-output>
        </test-method> <!-- testLoginToApplication -->
        <test-method status="PASS" signature="afterMethod(org.testng.ITestResult)[pri:0, instance:com.seleniumFramework.loginPage.LoginTest@76a4d6c]" name="afterMethod" is-config="true" duration-ms="1" started-at="2019-10-07T13:49:54Z" finished-at="2019-10-07T13:49:54Z">
          <params>
            <param index="0">
              <value>
                <![CDATA[[TestResult name=testLoginToApplication status=SUCCESS method=LoginTest.testLoginToApplication()[pri:0, instance:com.seleniumFramework.loginPage.LoginTest@76a4d6c] output={null}]]]>
              </value>
            </param>
          </params>
          <reporter-output>
          </reporter-output>
        </test-method> <!-- afterMethod -->
        <test-method status="PASS" signature="endTest()[pri:0, instance:com.seleniumFramework.loginPage.LoginTest@76a4d6c]" name="endTest" is-config="true" duration-ms="1888" started-at="2019-10-07T13:49:54Z" finished-at="2019-10-07T13:49:56Z">
          <reporter-output>
          </reporter-output>
        </test-method> <!-- endTest -->
      </class> <!-- com.seleniumFramework.loginPage.LoginTest -->
    </test> <!-- Test -->
  </suite> <!-- Suite -->
</testng-results>
