<?xml version="1.0" encoding="UTF-8"?>
<testng-results skipped="0" failed="1" ignored="1" total="5" passed="3">
  <reporter-output>
  </reporter-output>
  <suite name="Command line suite" duration-ms="30402" started-at="2019-10-05T06:16:20Z" finished-at="2019-10-05T06:16:50Z">
    <groups>
    </groups>
    <test name="Command line test" duration-ms="30402" started-at="2019-10-05T06:16:20Z" finished-at="2019-10-05T06:16:50Z">
      <class name="com.seleniumFramework.homepage.TestDataDrivenScript">
        <test-method status="PASS" signature="launchBrowser()[pri:0, instance:com.seleniumFramework.homepage.TestDataDrivenScript@7fad8c79]" name="launchBrowser" is-config="true" duration-ms="18093" started-at="2019-10-05T16:16:20Z" finished-at="2019-10-05T16:16:38Z">
          <reporter-output>
          </reporter-output>
        </test-method> <!-- launchBrowser -->
        <test-method status="PASS" signature="beforeMethod(java.lang.reflect.Method)[pri:0, instance:com.seleniumFramework.homepage.TestDataDrivenScript@7fad8c79]" name="beforeMethod" is-config="true" duration-ms="6" started-at="2019-10-05T16:16:49Z" finished-at="2019-10-05T16:16:49Z">
          <params>
            <param index="0">
              <value>
                <![CDATA[public void com.seleniumFramework.homepage.TestDataDrivenScript.testLogin(java.lang.String,java.lang.String,java.lang.String,java.lang.String,java.lang.String,java.lang.String)]]>
              </value>
            </param>
          </params>
          <reporter-output>
          </reporter-output>
        </test-method> <!-- beforeMethod -->
        <test-method status="PASS" signature="testLogin(java.lang.String, java.lang.String, java.lang.String, java.lang.String, java.lang.String, java.lang.String)[pri:0, instance:com.seleniumFramework.homepage.TestDataDrivenScript@7fad8c79]" name="testLogin" duration-ms="1" started-at="2019-10-05T16:16:49Z" data-provider="testData" finished-at="2019-10-05T16:16:49Z">
          <params>
            <param index="0">
              <value>
                <![CDATA[A]]>
              </value>
            </param>
            <param index="1">
              <value>
                <![CDATA[B]]>
              </value>
            </param>
            <param index="2">
              <value>
                <![CDATA[C]]>
              </value>
            </param>
            <param index="3">
              <value>
                <![CDATA[D]]>
              </value>
            </param>
            <param index="4">
              <value>
                <![CDATA[E]]>
              </value>
            </param>
            <param index="5">
              <value>
                <![CDATA[F]]>
              </value>
            </param>
          </params>
          <reporter-output>
          </reporter-output>
        </test-method> <!-- testLogin -->
        <test-method status="PASS" signature="afterMethod(org.testng.ITestResult)[pri:0, instance:com.seleniumFramework.homepage.TestDataDrivenScript@7fad8c79]" name="afterMethod" is-config="true" duration-ms="0" started-at="2019-10-05T16:16:49Z" finished-at="2019-10-05T16:16:49Z">
          <params>
            <param index="0">
              <value>
                <![CDATA[[TestResult name=testLogin status=SUCCESS method=TestDataDrivenScript.testLogin(java.lang.String, java.lang.String, java.lang.String, java.lang.String, java.lang.String, java.lang.String)[pri:0, instance:com.seleniumFramework.homepage.TestDataDrivenScript@7fad8c79] output={null}]]]>
              </value>
            </param>
          </params>
          <reporter-output>
          </reporter-output>
        </test-method> <!-- afterMethod -->
        <test-method status="PASS" signature="beforeMethod(java.lang.reflect.Method)[pri:0, instance:com.seleniumFramework.homepage.TestDataDrivenScript@7fad8c79]" name="beforeMethod" is-config="true" duration-ms="0" started-at="2019-10-05T16:16:49Z" finished-at="2019-10-05T16:16:49Z">
          <params>
            <param index="0">
              <value>
                <![CDATA[public void com.seleniumFramework.homepage.TestDataDrivenScript.testLogin(java.lang.String,java.lang.String,java.lang.String,java.lang.String,java.lang.String,java.lang.String)]]>
              </value>
            </param>
          </params>
          <reporter-output>
          </reporter-output>
        </test-method> <!-- beforeMethod -->
        <test-method status="PASS" signature="testLogin(java.lang.String, java.lang.String, java.lang.String, java.lang.String, java.lang.String, java.lang.String)[pri:0, instance:com.seleniumFramework.homepage.TestDataDrivenScript@7fad8c79]" name="testLogin" duration-ms="0" started-at="2019-10-05T16:16:49Z" data-provider="testData" finished-at="2019-10-05T16:16:49Z">
          <params>
            <param index="0">
              <value>
                <![CDATA[A1]]>
              </value>
            </param>
            <param index="1">
              <value>
                <![CDATA[B1]]>
              </value>
            </param>
            <param index="2">
              <value>
                <![CDATA[C1]]>
              </value>
            </param>
            <param index="3">
              <value>
                <![CDATA[D1]]>
              </value>
            </param>
            <param index="4">
              <value>
                <![CDATA[E1]]>
              </value>
            </param>
            <param index="5">
              <value>
                <![CDATA[F1]]>
              </value>
            </param>
          </params>
          <reporter-output>
          </reporter-output>
        </test-method> <!-- testLogin -->
        <test-method status="PASS" signature="afterMethod(org.testng.ITestResult)[pri:0, instance:com.seleniumFramework.homepage.TestDataDrivenScript@7fad8c79]" name="afterMethod" is-config="true" duration-ms="0" started-at="2019-10-05T16:16:49Z" finished-at="2019-10-05T16:16:49Z">
          <params>
            <param index="0">
              <value>
                <![CDATA[[TestResult name=testLogin status=SUCCESS method=TestDataDrivenScript.testLogin(java.lang.String, java.lang.String, java.lang.String, java.lang.String, java.lang.String, java.lang.String)[pri:0, instance:com.seleniumFramework.homepage.TestDataDrivenScript@7fad8c79] output={null}]]]>
              </value>
            </param>
          </params>
          <reporter-output>
          </reporter-output>
        </test-method> <!-- afterMethod -->
        <test-method status="PASS" signature="testLogin(java.lang.String, java.lang.String, java.lang.String, java.lang.String, java.lang.String, java.lang.String)[pri:0, instance:com.seleniumFramework.homepage.TestDataDrivenScript@7fad8c79]" name="testLogin" duration-ms="1" started-at="2019-10-05T16:16:49Z" data-provider="testData" finished-at="2019-10-05T16:16:49Z">
          <params>
            <param index="0">
              <value>
                <![CDATA[A2]]>
              </value>
            </param>
            <param index="1">
              <value>
                <![CDATA[B2]]>
              </value>
            </param>
            <param index="2">
              <value>
                <![CDATA[C2]]>
              </value>
            </param>
            <param index="3">
              <value>
                <![CDATA[D2]]>
              </value>
            </param>
            <param index="4">
              <value>
                <![CDATA[E2]]>
              </value>
            </param>
            <param index="5">
              <value>
                <![CDATA[F2]]>
              </value>
            </param>
          </params>
          <reporter-output>
          </reporter-output>
        </test-method> <!-- testLogin -->
        <test-method status="PASS" signature="beforeMethod(java.lang.reflect.Method)[pri:0, instance:com.seleniumFramework.homepage.TestDataDrivenScript@7fad8c79]" name="beforeMethod" is-config="true" duration-ms="0" started-at="2019-10-05T16:16:49Z" finished-at="2019-10-05T16:16:49Z">
          <params>
            <param index="0">
              <value>
                <![CDATA[public void com.seleniumFramework.homepage.TestDataDrivenScript.testLogin(java.lang.String,java.lang.String,java.lang.String,java.lang.String,java.lang.String,java.lang.String)]]>
              </value>
            </param>
          </params>
          <reporter-output>
          </reporter-output>
        </test-method> <!-- beforeMethod -->
        <test-method status="PASS" signature="afterMethod(org.testng.ITestResult)[pri:0, instance:com.seleniumFramework.homepage.TestDataDrivenScript@7fad8c79]" name="afterMethod" is-config="true" duration-ms="1" started-at="2019-10-05T16:16:49Z" finished-at="2019-10-05T16:16:49Z">
          <params>
            <param index="0">
              <value>
                <![CDATA[[TestResult name=testLogin status=SUCCESS method=TestDataDrivenScript.testLogin(java.lang.String, java.lang.String, java.lang.String, java.lang.String, java.lang.String, java.lang.String)[pri:0, instance:com.seleniumFramework.homepage.TestDataDrivenScript@7fad8c79] output={null}]]]>
              </value>
            </param>
          </params>
          <reporter-output>
          </reporter-output>
        </test-method> <!-- afterMethod -->
        <test-method status="PASS" signature="endTest()[pri:0, instance:com.seleniumFramework.homepage.TestDataDrivenScript@7fad8c79]" name="endTest" is-config="true" duration-ms="1681" started-at="2019-10-05T16:16:49Z" finished-at="2019-10-05T16:16:50Z">
          <reporter-output>
          </reporter-output>
        </test-method> <!-- endTest -->
      </class> <!-- com.seleniumFramework.homepage.TestDataDrivenScript -->
      <class name="com.seleniumFramework.loginPage.LoginTest">
        <test-method status="FAIL" signature="testLoginToApplication()[pri:0, instance:com.seleniumFramework.loginPage.LoginTest@71a794e5]" name="testLoginToApplication" duration-ms="1" started-at="2019-10-05T16:16:50Z" finished-at="2019-10-05T16:16:50Z">
          <exception class="java.lang.NullPointerException">
            <full-stacktrace>
              <![CDATA[java.lang.NullPointerException
	at com.seleniumFramework.loginPage.LoginTest.testLoginToApplication(LoginTest.java:22)
	at sun.reflect.NativeMethodAccessorImpl.invoke0(Native Method)
	at sun.reflect.NativeMethodAccessorImpl.invoke(NativeMethodAccessorImpl.java:62)
	at sun.reflect.DelegatingMethodAccessorImpl.invoke(DelegatingMethodAccessorImpl.java:43)
	at java.lang.reflect.Method.invoke(Method.java:498)
	at org.testng.internal.MethodInvocationHelper.invokeMethod(MethodInvocationHelper.java:104)
	at org.testng.internal.Invoker.invokeMethod(Invoker.java:645)
	at org.testng.internal.Invoker.invokeTestMethod(Invoker.java:851)
	at org.testng.internal.Invoker.invokeTestMethods(Invoker.java:1177)
	at org.testng.internal.TestMethodWorker.invokeTestMethods(TestMethodWorker.java:129)
	at org.testng.internal.TestMethodWorker.run(TestMethodWorker.java:112)
	at org.testng.TestRunner.privateRun(TestRunner.java:756)
	at org.testng.TestRunner.run(TestRunner.java:610)
	at org.testng.SuiteRunner.runTest(SuiteRunner.java:387)
	at org.testng.SuiteRunner.runSequentially(SuiteRunner.java:382)
	at org.testng.SuiteRunner.privateRun(SuiteRunner.java:340)
	at org.testng.SuiteRunner.run(SuiteRunner.java:289)
	at org.testng.SuiteRunnerWorker.runSuite(SuiteRunnerWorker.java:52)
	at org.testng.SuiteRunnerWorker.run(SuiteRunnerWorker.java:86)
	at org.testng.TestNG.runSuitesSequentially(TestNG.java:1293)
	at org.testng.TestNG.runSuitesLocally(TestNG.java:1218)
	at org.testng.TestNG.runSuites(TestNG.java:1133)
	at org.testng.TestNG.run(TestNG.java:1104)
	at org.apache.maven.surefire.testng.TestNGExecutor.run(TestNGExecutor.java:77)
	at org.apache.maven.surefire.testng.TestNGDirectoryTestSuite.executeMulti(TestNGDirectoryTestSuite.java:159)
	at org.apache.maven.surefire.testng.TestNGDirectoryTestSuite.execute(TestNGDirectoryTestSuite.java:99)
	at org.apache.maven.surefire.testng.TestNGProvider.invoke(TestNGProvider.java:106)
	at sun.reflect.NativeMethodAccessorImpl.invoke0(Native Method)
	at sun.reflect.NativeMethodAccessorImpl.invoke(NativeMethodAccessorImpl.java:62)
	at sun.reflect.DelegatingMethodAccessorImpl.invoke(DelegatingMethodAccessorImpl.java:43)
	at java.lang.reflect.Method.invoke(Method.java:498)
	at org.apache.maven.surefire.util.ReflectionUtils.invokeMethodWithArray(ReflectionUtils.java:189)
	at org.apache.maven.surefire.booter.ProviderFactory$ProviderProxy.invoke(ProviderFactory.java:165)
	at org.apache.maven.surefire.booter.ProviderFactory.invokeProvider(ProviderFactory.java:85)
	at org.apache.maven.surefire.booter.ForkedBooter.runSuitesInProcess(ForkedBooter.java:115)
	at org.apache.maven.surefire.booter.ForkedBooter.main(ForkedBooter.java:75)
]]>
            </full-stacktrace>
          </exception> <!-- java.lang.NullPointerException -->
          <reporter-output>
          </reporter-output>
        </test-method> <!-- testLoginToApplication -->
        <test-method status="PASS" signature="beforeMethod(java.lang.reflect.Method)[pri:0, instance:com.seleniumFramework.loginPage.LoginTest@71a794e5]" name="beforeMethod" is-config="true" duration-ms="0" started-at="2019-10-05T16:16:50Z" finished-at="2019-10-05T16:16:50Z">
          <params>
            <param index="0">
              <value>
                <![CDATA[public void com.seleniumFramework.loginPage.LoginTest.testLoginToApplication()]]>
              </value>
            </param>
          </params>
          <reporter-output>
          </reporter-output>
        </test-method> <!-- beforeMethod -->
        <test-method status="FAIL" signature="afterMethod(org.testng.ITestResult)[pri:0, instance:com.seleniumFramework.loginPage.LoginTest@71a794e5]" name="afterMethod" is-config="true" duration-ms="0" started-at="2019-10-05T16:16:50Z" finished-at="2019-10-05T16:16:50Z">
          <params>
            <param index="0">
              <value>
                <![CDATA[[TestResult name=testLoginToApplication status=FAILURE method=LoginTest.testLoginToApplication()[pri:0, instance:com.seleniumFramework.loginPage.LoginTest@71a794e5] output={null}]]]>
              </value>
            </param>
          </params>
          <exception class="java.lang.NullPointerException">
            <full-stacktrace>
              <![CDATA[java.lang.NullPointerException
	at com.seleniumFramework.testBase.TestBase.getScreenShot(TestBase.java:125)
	at com.seleniumFramework.testBase.TestBase.getresult(TestBase.java:159)
	at com.seleniumFramework.testBase.TestBase.afterMethod(TestBase.java:168)
	at sun.reflect.NativeMethodAccessorImpl.invoke0(Native Method)
	at sun.reflect.NativeMethodAccessorImpl.invoke(NativeMethodAccessorImpl.java:62)
	at sun.reflect.DelegatingMethodAccessorImpl.invoke(DelegatingMethodAccessorImpl.java:43)
	at java.lang.reflect.Method.invoke(Method.java:498)
	at org.testng.internal.MethodInvocationHelper.invokeMethod(MethodInvocationHelper.java:104)
	at org.testng.internal.Invoker.invokeConfigurationMethod(Invoker.java:515)
	at org.testng.internal.Invoker.invokeConfigurations(Invoker.java:217)
	at org.testng.internal.Invoker.invokeMethod(Invoker.java:712)
	at org.testng.internal.Invoker.invokeTestMethod(Invoker.java:851)
	at org.testng.internal.Invoker.invokeTestMethods(Invoker.java:1177)
	at org.testng.internal.TestMethodWorker.invokeTestMethods(TestMethodWorker.java:129)
	at org.testng.internal.TestMethodWorker.run(TestMethodWorker.java:112)
	at org.testng.TestRunner.privateRun(TestRunner.java:756)
	at org.testng.TestRunner.run(TestRunner.java:610)
	at org.testng.SuiteRunner.runTest(SuiteRunner.java:387)
	at org.testng.SuiteRunner.runSequentially(SuiteRunner.java:382)
	at org.testng.SuiteRunner.privateRun(SuiteRunner.java:340)
	at org.testng.SuiteRunner.run(SuiteRunner.java:289)
	at org.testng.SuiteRunnerWorker.runSuite(SuiteRunnerWorker.java:52)
	at org.testng.SuiteRunnerWorker.run(SuiteRunnerWorker.java:86)
	at org.testng.TestNG.runSuitesSequentially(TestNG.java:1293)
	at org.testng.TestNG.runSuitesLocally(TestNG.java:1218)
	at org.testng.TestNG.runSuites(TestNG.java:1133)
	at org.testng.TestNG.run(TestNG.java:1104)
	at org.apache.maven.surefire.testng.TestNGExecutor.run(TestNGExecutor.java:77)
	at org.apache.maven.surefire.testng.TestNGDirectoryTestSuite.executeMulti(TestNGDirectoryTestSuite.java:159)
	at org.apache.maven.surefire.testng.TestNGDirectoryTestSuite.execute(TestNGDirectoryTestSuite.java:99)
	at org.apache.maven.surefire.testng.TestNGProvider.invoke(TestNGProvider.java:106)
	at sun.reflect.NativeMethodAccessorImpl.invoke0(Native Method)
	at sun.reflect.NativeMethodAccessorImpl.invoke(NativeMethodAccessorImpl.java:62)
	at sun.reflect.DelegatingMethodAccessorImpl.invoke(DelegatingMethodAccessorImpl.java:43)
	at java.lang.reflect.Method.invoke(Method.java:498)
	at org.apache.maven.surefire.util.ReflectionUtils.invokeMethodWithArray(ReflectionUtils.java:189)
	at org.apache.maven.surefire.booter.ProviderFactory$ProviderProxy.invoke(ProviderFactory.java:165)
	at org.apache.maven.surefire.booter.ProviderFactory.invokeProvider(ProviderFactory.java:85)
	at org.apache.maven.surefire.booter.ForkedBooter.runSuitesInProcess(ForkedBooter.java:115)
	at org.apache.maven.surefire.booter.ForkedBooter.main(ForkedBooter.java:75)
]]>
            </full-stacktrace>
          </exception> <!-- java.lang.NullPointerException -->
          <reporter-output>
          </reporter-output>
        </test-method> <!-- afterMethod -->
        <test-method status="PASS" signature="endTest()[pri:0, instance:com.seleniumFramework.loginPage.LoginTest@71a794e5]" name="endTest" is-config="true" duration-ms="120" started-at="2019-10-05T16:16:50Z" finished-at="2019-10-05T16:16:50Z">
          <reporter-output>
          </reporter-output>
        </test-method> <!-- endTest -->
      </class> <!-- com.seleniumFramework.loginPage.LoginTest -->
    </test> <!-- Command line test -->
  </suite> <!-- Command line suite -->
</testng-results>
